<?xml version="1.0" encoding="UTF-8" ?>
<testsuite errors="0" failures="0" hostname="Alenka-MB-Pros-MacBook-Pro.local" name="cvut.fit.dpo.pr2.ArithmeticExpressionPrinterTest" tests="8" time="0.083" timestamp="2011-10-28T15:51:58">
  <properties>
[...]
</properties>
  <testcase classname="cvut.fit.dpo.pr2.ArithmeticExpressionPrinterTest" name="testPrintInOrder1" time="0.01" />
  <testcase classname="cvut.fit.dpo.pr2.ArithmeticExpressionPrinterTest" name="testPrintInOrder2" time="0.0010" />
  <testcase classname="cvut.fit.dpo.pr2.ArithmeticExpressionPrinterTest" name="testPrintInOrder3" time="0.0010" />
  <testcase classname="cvut.fit.dpo.pr2.ArithmeticExpressionPrinterTest" name="testPrintInOrder4" time="0.0010" />
  <testcase classname="cvut.fit.dpo.pr2.ArithmeticExpressionPrinterTest" name="testPrintPostOrder1" time="0.0010" />
  <testcase classname="cvut.fit.dpo.pr2.ArithmeticExpressionPrinterTest" name="testPrintPostOrder2" time="0.0" />
  <testcase classname="cvut.fit.dpo.pr2.ArithmeticExpressionPrinterTest" name="testPrintPostOrder3" time="0.0" />
  <testcase classname="cvut.fit.dpo.pr2.ArithmeticExpressionPrinterTest" name="testPrintPostOrder4" time="0.0010" />
  <system-out><![CDATA[]]></system-out>
  <system-err><![CDATA[]]></system-err>
</testsuite>
